c:\users\pc\documents\visual studio 2017\projects\jungle speed 2\jungle speed 1\jungle speed\jungle speed\debug\vc141.pdb
c:\users\pc\documents\visual studio 2017\projects\jungle speed 2\jungle speed 1\jungle speed\jungle speed\debug\vc141.idb
c:\users\pc\documents\visual studio 2017\projects\jungle speed 2\jungle speed 1\jungle speed\jungle speed\debug\computerplayer.obj
c:\users\pc\documents\visual studio 2017\projects\jungle speed 2\jungle speed 1\jungle speed\jungle speed\debug\gameitems.obj
c:\users\pc\documents\visual studio 2017\projects\jungle speed 2\jungle speed 1\jungle speed\jungle speed\debug\player.obj
c:\users\pc\documents\visual studio 2017\projects\jungle speed 2\jungle speed 1\jungle speed\jungle speed\debug\stick.obj
c:\users\pc\documents\visual studio 2017\projects\jungle speed 2\jungle speed 1\jungle speed\jungle speed\debug\userplayer.obj
c:\users\pc\documents\visual studio 2017\projects\jungle speed 2\jungle speed 1\jungle speed\jungle speed\debug\board.obj
c:\users\pc\documents\visual studio 2017\projects\jungle speed 2\jungle speed 1\jungle speed\jungle speed\debug\cards.obj
c:\users\pc\documents\visual studio 2017\projects\jungle speed 2\jungle speed 1\jungle speed\jungle speed\debug\closescreen.obj
c:\users\pc\documents\visual studio 2017\projects\jungle speed 2\jungle speed 1\jungle speed\jungle speed\debug\controller.obj
c:\users\pc\documents\visual studio 2017\projects\jungle speed 2\jungle speed 1\jungle speed\jungle speed\debug\gamescreen.obj
c:\users\pc\documents\visual studio 2017\projects\jungle speed 2\jungle speed 1\jungle speed\jungle speed\debug\helpscreen.obj
c:\users\pc\documents\visual studio 2017\projects\jungle speed 2\jungle speed 1\jungle speed\jungle speed\debug\loserscreen.obj
c:\users\pc\documents\visual studio 2017\projects\jungle speed 2\jungle speed 1\jungle speed\jungle speed\debug\main.obj
c:\users\pc\documents\visual studio 2017\projects\jungle speed 2\jungle speed 1\jungle speed\jungle speed\debug\menuscreen.obj
c:\users\pc\documents\visual studio 2017\projects\jungle speed 2\jungle speed 1\jungle speed\jungle speed\debug\normalcard.obj
c:\users\pc\documents\visual studio 2017\projects\jungle speed 2\jungle speed 1\jungle speed\jungle speed\debug\screen.obj
c:\users\pc\documents\visual studio 2017\projects\jungle speed 2\jungle speed 1\jungle speed\jungle speed\debug\singletontexture.obj
c:\users\pc\documents\visual studio 2017\projects\jungle speed 2\jungle speed 1\jungle speed\jungle speed\debug\specialcard.obj
c:\users\pc\documents\visual studio 2017\projects\jungle speed 2\jungle speed 1\jungle speed\jungle speed\debug\statusscreen.obj
c:\users\pc\documents\visual studio 2017\projects\jungle speed 2\jungle speed 1\jungle speed\jungle speed\debug\winerscreen.obj
c:\users\pc\documents\visual studio 2017\projects\jungle speed 2\jungle speed 1\jungle speed\jungle speed\debug\sincard.obj
c:\users\pc\documents\visual studio 2017\projects\jungle speed 2\jungle speed 1\jungle speed\jungle speed\debug\soutcard.obj
c:\users\pc\documents\visual studio 2017\projects\jungle speed 2\jungle speed 1\jungle speed\jungle speed\debug\scolorcard.obj
c:\users\pc\documents\visual studio 2017\projects\jungle speed 2\jungle speed 1\jungle speed\jungle speed\debug\type10card.obj
c:\users\pc\documents\visual studio 2017\projects\jungle speed 2\jungle speed 1\jungle speed\jungle speed\debug\type11card.obj
c:\users\pc\documents\visual studio 2017\projects\jungle speed 2\jungle speed 1\jungle speed\jungle speed\debug\type12card.obj
c:\users\pc\documents\visual studio 2017\projects\jungle speed 2\jungle speed 1\jungle speed\jungle speed\debug\type13card.obj
c:\users\pc\documents\visual studio 2017\projects\jungle speed 2\jungle speed 1\jungle speed\jungle speed\debug\type14card.obj
c:\users\pc\documents\visual studio 2017\projects\jungle speed 2\jungle speed 1\jungle speed\jungle speed\debug\type15card.obj
c:\users\pc\documents\visual studio 2017\projects\jungle speed 2\jungle speed 1\jungle speed\jungle speed\debug\type16card.obj
c:\users\pc\documents\visual studio 2017\projects\jungle speed 2\jungle speed 1\jungle speed\jungle speed\debug\type17card.obj
c:\users\pc\documents\visual studio 2017\projects\jungle speed 2\jungle speed 1\jungle speed\jungle speed\debug\type18card.obj
c:\users\pc\documents\visual studio 2017\projects\jungle speed 2\jungle speed 1\jungle speed\jungle speed\debug\type1card.obj
c:\users\pc\documents\visual studio 2017\projects\jungle speed 2\jungle speed 1\jungle speed\jungle speed\debug\type2card.obj
c:\users\pc\documents\visual studio 2017\projects\jungle speed 2\jungle speed 1\jungle speed\jungle speed\debug\type3card.obj
c:\users\pc\documents\visual studio 2017\projects\jungle speed 2\jungle speed 1\jungle speed\jungle speed\debug\type4card.obj
c:\users\pc\documents\visual studio 2017\projects\jungle speed 2\jungle speed 1\jungle speed\jungle speed\debug\type5card.obj
c:\users\pc\documents\visual studio 2017\projects\jungle speed 2\jungle speed 1\jungle speed\jungle speed\debug\type6card.obj
c:\users\pc\documents\visual studio 2017\projects\jungle speed 2\jungle speed 1\jungle speed\jungle speed\debug\type7card.obj
c:\users\pc\documents\visual studio 2017\projects\jungle speed 2\jungle speed 1\jungle speed\jungle speed\debug\type8card.obj
c:\users\pc\documents\visual studio 2017\projects\jungle speed 2\jungle speed 1\jungle speed\jungle speed\debug\type9card.obj
c:\users\pc\documents\visual studio 2017\projects\jungle speed 2\jungle speed 1\jungle speed\debug\jungle speed.ilk
c:\users\pc\documents\visual studio 2017\projects\jungle speed 2\jungle speed 1\jungle speed\debug\jungle speed.exe
c:\users\pc\documents\visual studio 2017\projects\jungle speed 2\jungle speed 1\jungle speed\debug\jungle speed.pdb
c:\users\pc\documents\visual studio 2017\projects\jungle speed 2\jungle speed 1\jungle speed\jungle speed\debug\jungle speed.res
c:\users\pc\documents\visual studio 2017\projects\jungle speed 2\jungle speed 1\jungle speed\jungle speed\debug\vc140.idb
c:\users\pc\documents\visual studio 2017\projects\jungle speed 2\jungle speed 1\jungle speed\jungle speed\debug\vc140.pdb
c:\users\pc\documents\visual studio 2017\projects\jungle speed 2\jungle speed 1\jungle speed\jungle speed\debug\jungle speed.tlog\cl.command.1.tlog
c:\users\pc\documents\visual studio 2017\projects\jungle speed 2\jungle speed 1\jungle speed\jungle speed\debug\jungle speed.tlog\cl.read.1.tlog
c:\users\pc\documents\visual studio 2017\projects\jungle speed 2\jungle speed 1\jungle speed\jungle speed\debug\jungle speed.tlog\cl.write.1.tlog
c:\users\pc\documents\visual studio 2017\projects\jungle speed 2\jungle speed 1\jungle speed\jungle speed\debug\jungle speed.tlog\link.command.1.tlog
c:\users\pc\documents\visual studio 2017\projects\jungle speed 2\jungle speed 1\jungle speed\jungle speed\debug\jungle speed.tlog\link.delete.1.tlog
c:\users\pc\documents\visual studio 2017\projects\jungle speed 2\jungle speed 1\jungle speed\jungle speed\debug\jungle speed.tlog\link.read.1.tlog
c:\users\pc\documents\visual studio 2017\projects\jungle speed 2\jungle speed 1\jungle speed\jungle speed\debug\jungle speed.tlog\link.write.1.tlog
c:\users\pc\documents\visual studio 2017\projects\jungle speed 2\jungle speed 1\jungle speed\jungle speed\debug\jungle speed.tlog\rc.command.1.tlog
c:\users\pc\documents\visual studio 2017\projects\jungle speed 2\jungle speed 1\jungle speed\jungle speed\debug\jungle speed.tlog\rc.read.1.tlog
c:\users\pc\documents\visual studio 2017\projects\jungle speed 2\jungle speed 1\jungle speed\jungle speed\debug\jungle speed.tlog\rc.write.1.tlog
